<?xml version="1.0" encoding="UTF-8"?>
<!-- Generated by org.testng.reporters.JUnitXMLReporter -->
<testsuite hostname="shwetha" name="Wiki in firefox" tests="2" failures="2" timestamp="1 Oct 2014 23:25:59 GMT" time="184.398" errors="0">
  <testcase name="RegistrationTestNew" time="128.288" classname="selenium.WebDriverTest">
    <failure type="java.lang.AssertionError">
      <![CDATA[java.lang.AssertionError
	at selenium.WebDriverTest.RegistrationTestNew(WebDriverTest.java:28)
	at java.util.concurrent.FutureTask.run(Unknown Source)
	at java.util.concurrent.ThreadPoolExecutor.runWorker(Unknown Source)
	at java.util.concurrent.ThreadPoolExecutor$Worker.run(Unknown Source)
	at java.lang.Thread.run(Unknown Source)
... Removed 16 stack frames]]>
    </failure>
  </testcase> <!-- RegistrationTestNew -->
  <testcase name="RegistrationTestNew" time="10.336" classname="selenium.WebDriverTest">
    <failure type="java.lang.AssertionError">
      <![CDATA[java.lang.AssertionError
	at selenium.WebDriverTest.RegistrationTestNew(WebDriverTest.java:28)
	at java.util.concurrent.FutureTask.run(Unknown Source)
	at java.util.concurrent.ThreadPoolExecutor.runWorker(Unknown Source)
	at java.util.concurrent.ThreadPoolExecutor$Worker.run(Unknown Source)
	at java.lang.Thread.run(Unknown Source)
... Removed 16 stack frames]]>
    </failure>
  </testcase> <!-- RegistrationTestNew -->
</testsuite> <!-- Wiki in firefox -->
